Using pre-set license
Built from '2021.3/staging' branch; Version is '2021.3.6f1 (7da38d85baf6) revision 8233869'; Using compiler version '192829333'; Build Type 'Release'
OS: 'Windows 10  (10.0.19045) 64bit Core' Language: 'zh' Physical Memory: 16317 MB
BatchMode: 1, IsHumanControllingUs: 0, StartBugReporterOnCrash: 0, Is64bit: 1, IsPro: 1

COMMAND LINE ARGUMENTS:
D:\unity\Unity Hub\Editor\2021.3.6f1\Editor\Unity.exe
-adb2
-batchMode
-noUpm
-name
AssetImportWorker0
-projectPath
D:/unity/create with code/SpiderTale
-logFile
Logs/AssetImportWorker0.log
-srvPort
7234
Successfully changed project path to: D:/unity/create with code/SpiderTale
D:/unity/create with code/SpiderTale
[UnityMemory] Configuration Parameters - Can be set up in boot.config
    "memorysetup-bucket-allocator-granularity=16"
    "memorysetup-bucket-allocator-bucket-count=8"
    "memorysetup-bucket-allocator-block-size=33554432"
    "memorysetup-bucket-allocator-block-count=8"
    "memorysetup-main-allocator-block-size=16777216"
    "memorysetup-thread-allocator-block-size=16777216"
    "memorysetup-gfx-main-allocator-block-size=16777216"
    "memorysetup-gfx-thread-allocator-block-size=16777216"
    "memorysetup-cache-allocator-block-size=4194304"
    "memorysetup-typetree-allocator-block-size=2097152"
    "memorysetup-profiler-bucket-allocator-granularity=16"
    "memorysetup-profiler-bucket-allocator-bucket-count=8"
    "memorysetup-profiler-bucket-allocator-block-size=33554432"
    "memorysetup-profiler-bucket-allocator-block-count=8"
    "memorysetup-profiler-allocator-block-size=16777216"
    "memorysetup-profiler-editor-allocator-block-size=1048576"
    "memorysetup-temp-allocator-size-main=16777216"
    "memorysetup-job-temp-allocator-block-size=2097152"
    "memorysetup-job-temp-allocator-block-size-background=1048576"
    "memorysetup-job-temp-allocator-reduction-small-platforms=262144"
    "memorysetup-temp-allocator-size-background-worker=32768"
    "memorysetup-temp-allocator-size-job-worker=262144"
    "memorysetup-temp-allocator-size-preload-manager=33554432"
    "memorysetup-temp-allocator-size-nav-mesh-worker=65536"
    "memorysetup-temp-allocator-size-audio-worker=65536"
    "memorysetup-temp-allocator-size-cloud-worker=32768"
    "memorysetup-temp-allocator-size-gi-baking-worker=262144"
    "memorysetup-temp-allocator-size-gfx=262144"
Refreshing native plugins compatible for Editor in 134.51 ms, found 4 plugins.
Preloading 0 native plugins for Editor in 0.00 ms.
Initialize engine version: 2021.3.6f1 (7da38d85baf6)
[Subsystems] Discovering subsystems at path D:/unity/Unity Hub/Editor/2021.3.6f1/Editor/Data/Resources/UnitySubsystems
[Subsystems] Discovering subsystems at path D:/unity/create with code/SpiderTale/Assets
GfxDevice: creating device client; threaded=0; jobified=0
Direct3D:
    Version:  Direct3D 11.0 [level 11.1]
    Renderer: NVIDIA GeForce RTX 3060 Ti (ID=0x2489)
    Vendor:   NVIDIA
    VRAM:     8038 MB
    Driver:   31.0.15.3118
Initialize mono
Mono path[0] = 'D:/unity/Unity Hub/Editor/2021.3.6f1/Editor/Data/Managed'
Mono path[1] = 'D:/unity/Unity Hub/Editor/2021.3.6f1/Editor/Data/MonoBleedingEdge/lib/mono/unityjit-win32'
Mono config path = 'D:/unity/Unity Hub/Editor/2021.3.6f1/Editor/Data/MonoBleedingEdge/etc'
Using monoOptions --debugger-agent=transport=dt_socket,embedding=1,server=y,suspend=n,address=127.0.0.1:56572
Begin MonoManager ReloadAssembly
Registering precompiled unity dll's ...
Register platform support module: D:/unity/Unity Hub/Editor/2021.3.6f1/Editor/Data/PlaybackEngines/MacStandaloneSupport/UnityEditor.OSXStandalone.Extensions.dll
Register platform support module: D:/unity/Unity Hub/Editor/2021.3.6f1/Editor/Data/PlaybackEngines/WindowsStandaloneSupport/UnityEditor.WindowsStandalone.Extensions.dll
Registered in 0.004265 seconds.
Native extension for WindowsStandalone target not found
Native extension for OSXStandalone target not found
Refreshing native plugins compatible for Editor in 127.49 ms, found 4 plugins.
Preloading 0 native plugins for Editor in 0.00 ms.
Mono: successfully reloaded assembly
- Completed reload, in  0.688 seconds
Domain Reload Profiling:
	ReloadAssembly (688ms)
		BeginReloadAssembly (94ms)
			ExecutionOrderSort (0ms)
			DisableScriptedObjects (0ms)
			BackupInstance (0ms)
			ReleaseScriptingObjects (0ms)
			CreateAndSetChildDomain (1ms)
		EndReloadAssembly (491ms)
			LoadAssemblies (93ms)
			RebuildTransferFunctionScriptingTraits (0ms)
			SetupTypeCache (105ms)
			ReleaseScriptCaches (0ms)
			RebuildScriptCaches (29ms)
			SetupLoadedEditorAssemblies (308ms)
				LogAssemblyErrors (0ms)
				InitializePlatformSupportModulesInManaged (9ms)
				SetLoadedEditorAssemblies (0ms)
				RefreshPlugins (128ms)
				BeforeProcessingInitializeOnLoad (1ms)
				ProcessInitializeOnLoadAttributes (123ms)
				ProcessInitializeOnLoadMethodAttributes (47ms)
				AfterProcessingInitializeOnLoad (0ms)
				EditorAssembliesLoaded (0ms)
			ExecutionOrderSort2 (0ms)
			AwakeInstancesAfterBackupRestoration (0ms)
Platform modules already initialized, skipping
Registering precompiled user dll's ...
Registered in 0.008469 seconds.
Begin MonoManager ReloadAssembly
Symbol file LoadedFromMemory doesn't match image D:\unity\create with code\SpiderTale\Library\PackageCache\com.unity.visualscripting@1.7.8\Editor\VisualScripting.Core\Dependencies\YamlDotNet\Unity.VisualScripting.YamlDotNet.dll
Symbol file LoadedFromMemory doesn't match image D:\unity\create with code\SpiderTale\Library\PackageCache\com.unity.visualscripting@1.7.8\Editor\VisualScripting.Core\Dependencies\DotNetZip\Unity.VisualScripting.IonicZip.dll
Native extension for WindowsStandalone target not found
Native extension for OSXStandalone target not found
Refreshing native plugins compatible for Editor in 129.34 ms, found 4 plugins.
Preloading 0 native plugins for Editor in 0.00 ms.
Mono: successfully reloaded assembly
- Completed reload, in  1.492 seconds
Domain Reload Profiling:
	ReloadAssembly (1493ms)
		BeginReloadAssembly (126ms)
			ExecutionOrderSort (0ms)
			DisableScriptedObjects (6ms)
			BackupInstance (0ms)
			ReleaseScriptingObjects (0ms)
			CreateAndSetChildDomain (19ms)
		EndReloadAssembly (1252ms)
			LoadAssemblies (127ms)
			RebuildTransferFunctionScriptingTraits (0ms)
			SetupTypeCache (298ms)
			ReleaseScriptCaches (1ms)
			RebuildScriptCaches (67ms)
			SetupLoadedEditorAssemblies (623ms)
				LogAssemblyErrors (0ms)
				InitializePlatformSupportModulesInManaged (5ms)
				SetLoadedEditorAssemblies (0ms)
				RefreshPlugins (129ms)
				BeforeProcessingInitializeOnLoad (125ms)
				ProcessInitializeOnLoadAttributes (262ms)
				ProcessInitializeOnLoadMethodAttributes (98ms)
				AfterProcessingInitializeOnLoad (3ms)
				EditorAssembliesLoaded (0ms)
			ExecutionOrderSort2 (0ms)
			AwakeInstancesAfterBackupRestoration (6ms)
Platform modules already initialized, skipping
========================================================================
Worker process is ready to serve import requests
Launched and connected shader compiler UnityShaderCompiler.exe after 0.09 seconds
Refreshing native plugins compatible for Editor in 0.98 ms, found 4 plugins.
Preloading 0 native plugins for Editor in 0.00 ms.
Unloading 5597 Unused Serialized files (Serialized files now loaded: 0)
Unloading 57 unused Assets / (1.2 MB). Loaded Objects now: 6053.
Memory consumption went from 230.4 MB to 229.3 MB.
Total: 4.739200 ms (FindLiveObjects: 0.990600 ms CreateObjectMapping: 0.385400 ms MarkObjects: 2.911000 ms  DeleteObjects: 0.451000 ms)

AssetImportParameters requested are different than current active one (requested -> active):
  custom:video-decoder-ogg-theora: a1e56fd34408186e4bbccfd4996cb3dc -> 
  custom:container-muxer-webm: aa71ff27fc2769a1b78a27578f13a17b -> 
  custom:container-demuxer-webm: 4f35f7cbe854078d1ac9338744f61a02 -> 
  custom:video-encoder-webm-vp8: eb34c28f22e8b96e1ab97ce403110664 -> 
  custom:audio-encoder-webm-vorbis: bf7c407c2cedff20999df2af8eb42d56 -> 
  custom:framework-win-MediaFoundation: 216162199b28c13a410421893ffa2e32 -> 
  custom:container-demuxer-ogg: 62fdf1f143b41e24485cea50d1cbac27 -> 
  custom:video-decoder-webm-vp8: 9c59270c3fd7afecdb556c50c9e8de78 -> 
  custom:audio-decoder-ogg-vorbis: bf7c407c2cedff20999df2af8eb42d56 -> 
========================================================================
Received Import Request.
  Time since last request: 721114.214551 seconds.
  path: Assets/Scripts/Attack/RedSword.cs
  artifactKey: Guid(eccbf6bae526ce6409f5d5e99d6e93ad) Importer(815301076,1909f56bfc062723c751e8b465ee728b)
Start importing Assets/Scripts/Attack/RedSword.cs using Guid(eccbf6bae526ce6409f5d5e99d6e93ad) Importer(815301076,1909f56bfc062723c751e8b465ee728b)  -> (artifact id: '5313b61d42b730c28824fecae899ef25') in 0.108975 seconds 
========================================================================
Received Import Request.
  Time since last request: 0.000024 seconds.
  path: Assets/Scripts/Attack/Bomb.cs
  artifactKey: Guid(4700211bf8e90a441857909e790f8fc3) Importer(815301076,1909f56bfc062723c751e8b465ee728b)
Start importing Assets/Scripts/Attack/Bomb.cs using Guid(4700211bf8e90a441857909e790f8fc3) Importer(815301076,1909f56bfc062723c751e8b465ee728b)  -> (artifact id: '9b987dea1c1b764a96c0565a0a543a51') in 0.022771 seconds 
========================================================================
Received Import Request.
  Time since last request: 6.326913 seconds.
  path: Assets/Scripts/Attack/BlueSword.cs
  artifactKey: Guid(e7aaf6c2c60b566439e2c2dfbb814e78) Importer(815301076,1909f56bfc062723c751e8b465ee728b)
Start importing Assets/Scripts/Attack/BlueSword.cs using Guid(e7aaf6c2c60b566439e2c2dfbb814e78) Importer(815301076,1909f56bfc062723c751e8b465ee728b)  -> (artifact id: 'dbd5f466c4a932d3cd3d7b8dc2978c20') in 0.006868 seconds 
========================================================================
Received Import Request.
  Time since last request: 11.308622 seconds.
  path: Assets/Scripts/Bullets1/Sword.cs
  artifactKey: Guid(5013c2a0fdc12f14b89eb4f1b219c140) Importer(815301076,1909f56bfc062723c751e8b465ee728b)
Start importing Assets/Scripts/Bullets1/Sword.cs using Guid(5013c2a0fdc12f14b89eb4f1b219c140) Importer(815301076,1909f56bfc062723c751e8b465ee728b)  -> (artifact id: 'dc140243c8660dc305746a458515ff4e') in 0.016761 seconds 
========================================================================
Received Import Request.
  Time since last request: 1.017820 seconds.
  path: Assets/Scripts/Bullets1/Bullet.cs
  artifactKey: Guid(c5ee002f808f7aa4caedac2ecb9ec969) Importer(815301076,1909f56bfc062723c751e8b465ee728b)
Start importing Assets/Scripts/Bullets1/Bullet.cs using Guid(c5ee002f808f7aa4caedac2ecb9ec969) Importer(815301076,1909f56bfc062723c751e8b465ee728b)  -> (artifact id: '4fea8d8ec10f0da8c4126b34fff9ee4b') in 0.022780 seconds 
========================================================================
Received Import Request.
  Time since last request: 4.421762 seconds.
  path: Assets/Scripts/Bullets1/AimBullet.cs
  artifactKey: Guid(ded3adda0f4bde04b8cc2ed0c17001ff) Importer(815301076,1909f56bfc062723c751e8b465ee728b)
Start importing Assets/Scripts/Bullets1/AimBullet.cs using Guid(ded3adda0f4bde04b8cc2ed0c17001ff) Importer(815301076,1909f56bfc062723c751e8b465ee728b)  -> (artifact id: 'ee8dc4df53843ae4ae8f61aab07bfe06') in 0.006602 seconds 
========================================================================
Received Import Request.
  Time since last request: 5.290560 seconds.
  path: Assets/Scripts/Atk/RedAtk2.cs
  artifactKey: Guid(39470c03941b6d24b818e03439cfb44f) Importer(815301076,1909f56bfc062723c751e8b465ee728b)
Start importing Assets/Scripts/Atk/RedAtk2.cs using Guid(39470c03941b6d24b818e03439cfb44f) Importer(815301076,1909f56bfc062723c751e8b465ee728b)  -> (artifact id: 'c52f58a599ebe0d17aa11fd641684035') in 0.018436 seconds 
========================================================================
Received Import Request.
  Time since last request: 115.378621 seconds.
  path: Assets/Scripts/BossAttack.cs
  artifactKey: Guid(730990a1686678c42a08384903156ad9) Importer(815301076,1909f56bfc062723c751e8b465ee728b)
Start importing Assets/Scripts/BossAttack.cs using Guid(730990a1686678c42a08384903156ad9) Importer(815301076,1909f56bfc062723c751e8b465ee728b)  -> (artifact id: 'e45acec4764b79b59c00ab4f71786864') in 0.006776 seconds 
========================================================================
Received Import Request.
  Time since last request: 1.416704 seconds.
  path: Assets/Scripts/BossAttack2.cs
  artifactKey: Guid(c427508e88053844481733a6fe05aa11) Importer(815301076,1909f56bfc062723c751e8b465ee728b)
Start importing Assets/Scripts/BossAttack2.cs using Guid(c427508e88053844481733a6fe05aa11) Importer(815301076,1909f56bfc062723c751e8b465ee728b)  -> (artifact id: '7d9a4a8ac53a0eef752360afe199b3f6') in 0.021193 seconds 
========================================================================
Received Import Request.
  Time since last request: 13.793439 seconds.
  path: Assets/Scripts/PlayerControl.cs
  artifactKey: Guid(ee10701e3bee2f546a5db8f33adabefd) Importer(815301076,1909f56bfc062723c751e8b465ee728b)
Start importing Assets/Scripts/PlayerControl.cs using Guid(ee10701e3bee2f546a5db8f33adabefd) Importer(815301076,1909f56bfc062723c751e8b465ee728b)  -> (artifact id: '97b0cc2207d56424c3ffbd1c12baa874') in 0.005836 seconds 
========================================================================
Received Import Request.
  Time since last request: 2320.476198 seconds.
  path: Assets/Scripts/Attack/Sniper.cs
  artifactKey: Guid(6ec7e897a5d05ca4da0966e34ae9cdca) Importer(815301076,1909f56bfc062723c751e8b465ee728b)
Start importing Assets/Scripts/Attack/Sniper.cs using Guid(6ec7e897a5d05ca4da0966e34ae9cdca) Importer(815301076,1909f56bfc062723c751e8b465ee728b)  -> (artifact id: 'b60cd197e57f746a12e3ecf4d9923caa') in 0.072682 seconds 
========================================================================
Received Import Request.
  Time since last request: 18.824928 seconds.
  path: Assets/Scripts/Atk/SpinAtk.cs
  artifactKey: Guid(37105a13875ff4040be52c9bdcee1da9) Importer(815301076,1909f56bfc062723c751e8b465ee728b)
Start importing Assets/Scripts/Atk/SpinAtk.cs using Guid(37105a13875ff4040be52c9bdcee1da9) Importer(815301076,1909f56bfc062723c751e8b465ee728b)  -> (artifact id: '187fa4eb754072d21696239f576caf7e') in 0.006625 seconds 
========================================================================
Received Prepare
Registering precompiled user dll's ...
Registered in 0.008430 seconds.
Begin MonoManager ReloadAssembly
Symbol file LoadedFromMemory doesn't match image D:\unity\create with code\SpiderTale\Library\PackageCache\com.unity.visualscripting@1.7.8\Editor\VisualScripting.Core\Dependencies\YamlDotNet\Unity.VisualScripting.YamlDotNet.dll
Symbol file LoadedFromMemory doesn't match image D:\unity\create with code\SpiderTale\Library\PackageCache\com.unity.visualscripting@1.7.8\Editor\VisualScripting.Core\Dependencies\DotNetZip\Unity.VisualScripting.IonicZip.dll
Native extension for WindowsStandalone target not found
Native extension for OSXStandalone target not found
Refreshing native plugins compatible for Editor in 1.36 ms, found 4 plugins.
Preloading 0 native plugins for Editor in 0.00 ms.
Mono: successfully reloaded assembly
- Completed reload, in  1.312 seconds
Domain Reload Profiling:
	ReloadAssembly (1312ms)
		BeginReloadAssembly (245ms)
			ExecutionOrderSort (0ms)
			DisableScriptedObjects (15ms)
			BackupInstance (0ms)
			ReleaseScriptingObjects (0ms)
			CreateAndSetChildDomain (88ms)
		EndReloadAssembly (966ms)
			LoadAssemblies (158ms)
			RebuildTransferFunctionScriptingTraits (0ms)
			SetupTypeCache (307ms)
			ReleaseScriptCaches (2ms)
			RebuildScriptCaches (55ms)
			SetupLoadedEditorAssemblies (440ms)
				LogAssemblyErrors (0ms)
				InitializePlatformSupportModulesInManaged (13ms)
				SetLoadedEditorAssemblies (1ms)
				RefreshPlugins (1ms)
				BeforeProcessingInitializeOnLoad (97ms)
				ProcessInitializeOnLoadAttributes (237ms)
				ProcessInitializeOnLoadMethodAttributes (88ms)
				AfterProcessingInitializeOnLoad (3ms)
				EditorAssembliesLoaded (0ms)
			ExecutionOrderSort2 (0ms)
			AwakeInstancesAfterBackupRestoration (9ms)
Platform modules already initialized, skipping
Refreshing native plugins compatible for Editor in 2.67 ms, found 4 plugins.
Preloading 0 native plugins for Editor in 0.00 ms.
Unloading 5467 Unused Serialized files (Serialized files now loaded: 0)
Unloading 44 unused Assets / (1.1 MB). Loaded Objects now: 6056.
Memory consumption went from 222.1 MB to 221.0 MB.
Total: 3.941200 ms (FindLiveObjects: 0.394400 ms CreateObjectMapping: 0.313800 ms MarkObjects: 2.752900 ms  DeleteObjects: 0.479000 ms)

AssetImportParameters requested are different than current active one (requested -> active):
  custom:video-decoder-ogg-theora: a1e56fd34408186e4bbccfd4996cb3dc -> 
  custom:container-muxer-webm: aa71ff27fc2769a1b78a27578f13a17b -> 
  custom:container-demuxer-webm: 4f35f7cbe854078d1ac9338744f61a02 -> 
  custom:video-encoder-webm-vp8: eb34c28f22e8b96e1ab97ce403110664 -> 
  custom:audio-encoder-webm-vorbis: bf7c407c2cedff20999df2af8eb42d56 -> 
  custom:framework-win-MediaFoundation: 216162199b28c13a410421893ffa2e32 -> 
  custom:container-demuxer-ogg: 62fdf1f143b41e24485cea50d1cbac27 -> 
  custom:video-decoder-webm-vp8: 9c59270c3fd7afecdb556c50c9e8de78 -> 
  custom:audio-decoder-ogg-vorbis: bf7c407c2cedff20999df2af8eb42d56 -> 
========================================================================
Received Import Request.
  Time since last request: 121.045488 seconds.
  path: Assets/SceneChanger.cs
  artifactKey: Guid(be9836a79b72e284aa3f46c46695c34b) Importer(815301076,1909f56bfc062723c751e8b465ee728b)
Start importing Assets/SceneChanger.cs using Guid(be9836a79b72e284aa3f46c46695c34b) Importer(815301076,1909f56bfc062723c751e8b465ee728b)  -> (artifact id: '2bc6211a7cb736b6de92b1279722f11b') in 0.013266 seconds 
========================================================================
Received Import Request.
  Time since last request: 215.356180 seconds.
  path: Assets/Scripts/Attack/SpinSword.cs
  artifactKey: Guid(8213017faa27ee04899e454702404f8d) Importer(815301076,1909f56bfc062723c751e8b465ee728b)
Start importing Assets/Scripts/Attack/SpinSword.cs using Guid(8213017faa27ee04899e454702404f8d) Importer(815301076,1909f56bfc062723c751e8b465ee728b)  -> (artifact id: 'a261645683d50dcc24132fdfb90939b9') in 0.018759 seconds 
